<?xml version="1.0" encoding="UTF-8"?>
<!-- Generated by org.testng.reporters.JUnitReportReporter -->
<testsuite skipped="0" hostname="AMOLWIN10PLP" name="com.crmapplication.qa.testcases.LoginPageTest" tests="1" failures="0" timestamp="19 Apr 2020 14:33:19 GMT" time="0.366" errors="0">
  <testcase name="validateLogin" time="0.366" classname="com.crmapplication.qa.testcases.LoginPageTest"/>
</testsuite> <!-- com.crmapplication.qa.testcases.LoginPageTest -->
