<?xml version="1.0" encoding="UTF-8"?>
<!-- Generated by org.testng.reporters.JUnitReportReporter -->
<testsuite skipped="0" hostname="qa-akotkar" name="com.crmapplication.qa.testcases.LoginPageTest" tests="1" failures="0" timestamp="22 Apr 2020 04:10:10 GMT" time="21.471" errors="0">
  <testcase name="validateLoginTest" time="21.471" classname="com.crmapplication.qa.testcases.LoginPageTest"/>
</testsuite> <!-- com.crmapplication.qa.testcases.LoginPageTest -->
